Files already downloaded and verified
Files already downloaded and verified
calibrating R6 on task-0 (10 classes), up to 120 epochs
epoch   1  task0_val_acc  22.80
epoch   2  task0_val_acc  25.80
epoch   3  task0_val_acc  31.80
epoch   4  task0_val_acc  37.60
epoch   5  task0_val_acc  39.00
epoch   6  task0_val_acc  42.40
epoch   7  task0_val_acc  48.10
epoch   8  task0_val_acc  43.30
epoch   9  task0_val_acc  53.60
epoch  10  task0_val_acc  53.10
epoch  11  task0_val_acc  55.10
epoch  12  task0_val_acc  54.80
epoch  13  task0_val_acc  56.00
epoch  14  task0_val_acc  54.70
epoch  15  task0_val_acc  62.30
epoch  16  task0_val_acc  60.00
epoch  17  task0_val_acc  56.60
epoch  18  task0_val_acc  65.40
epoch  19  task0_val_acc  61.10
epoch  20  task0_val_acc  62.80
epoch  21  task0_val_acc  64.90
epoch  22  task0_val_acc  66.90
epoch  23  task0_val_acc  70.80
epoch  24  task0_val_acc  64.80
epoch  25  task0_val_acc  67.70
epoch  26  task0_val_acc  65.80
epoch  27  task0_val_acc  68.40
epoch  28  task0_val_acc  71.30
epoch  29  task0_val_acc  71.40
epoch  30  task0_val_acc  71.40
epoch  31  task0_val_acc  74.40
epoch  32  task0_val_acc  70.10
epoch  33  task0_val_acc  73.20
epoch  34  task0_val_acc  71.50
epoch  35  task0_val_acc  74.30
epoch  36  task0_val_acc  73.90
epoch  37  task0_val_acc  74.50
epoch  38  task0_val_acc  73.60
epoch  39  task0_val_acc  73.20
epoch  40  task0_val_acc  75.50
epoch  41  task0_val_acc  77.30
epoch  42  task0_val_acc  71.70
epoch  43  task0_val_acc  75.30
epoch  44  task0_val_acc  76.70
epoch  45  task0_val_acc  76.70
epoch  46  task0_val_acc  73.80
epoch  47  task0_val_acc  76.30
epoch  48  task0_val_acc  75.30
epoch  49  task0_val_acc  72.90
epoch  50  task0_val_acc  77.80
epoch  51  task0_val_acc  75.40
epoch  52  task0_val_acc  76.10
epoch  53  task0_val_acc  76.50
epoch  54  task0_val_acc  76.60
epoch  55  task0_val_acc  76.60
epoch  56  task0_val_acc  78.30
epoch  57  task0_val_acc  76.70
epoch  58  task0_val_acc  74.70
epoch  59  task0_val_acc  76.00
epoch  60  task0_val_acc  77.90
epoch  61  task0_val_acc  77.60
epoch  62  task0_val_acc  77.70
epoch  63  task0_val_acc  78.40
epoch  64  task0_val_acc  76.00
epoch  65  task0_val_acc  76.10
epoch  66  task0_val_acc  75.20
epoch  67  task0_val_acc  78.50
epoch  68  task0_val_acc  79.30
epoch  69  task0_val_acc  77.50
epoch  70  task0_val_acc  77.90
epoch  71  task0_val_acc  76.90
epoch  72  task0_val_acc  77.80
epoch  73  task0_val_acc  78.80
epoch  74  task0_val_acc  78.50
epoch  75  task0_val_acc  78.20
epoch  76  task0_val_acc  76.70
epoch  77  task0_val_acc  75.30
epoch  78  task0_val_acc  75.00
epoch  79  task0_val_acc  77.40
epoch  80  task0_val_acc  78.20
epoch  81  task0_val_acc  78.20
epoch  82  task0_val_acc  78.00
epoch  83  task0_val_acc  77.00
epoch  84  task0_val_acc  78.80
epoch  85  task0_val_acc  78.50
epoch  86  task0_val_acc  78.10
epoch  87  task0_val_acc  76.80
epoch  88  task0_val_acc  75.60
epoch  89  task0_val_acc  77.40
epoch  90  task0_val_acc  78.50
epoch  91  task0_val_acc  80.10
epoch  92  task0_val_acc  79.50
epoch  93  task0_val_acc  78.30
epoch  94  task0_val_acc  78.40
epoch  95  task0_val_acc  79.80
epoch  96  task0_val_acc  79.50
epoch  97  task0_val_acc  79.00
epoch  98  task0_val_acc  77.80
epoch  99  task0_val_acc  78.90
epoch 100  task0_val_acc  77.60
epoch 101  task0_val_acc  77.30
epoch 102  task0_val_acc  79.30
epoch 103  task0_val_acc  76.90
epoch 104  task0_val_acc  76.40
epoch 105  task0_val_acc  78.30
epoch 106  task0_val_acc  78.00
epoch 107  task0_val_acc  78.60
epoch 108  task0_val_acc  78.30
epoch 109  task0_val_acc  76.20
epoch 110  task0_val_acc  75.30
epoch 111  task0_val_acc  76.90
epoch 112  task0_val_acc  77.70
epoch 113  task0_val_acc  79.20
epoch 114  task0_val_acc  79.30
epoch 115  task0_val_acc  79.80
epoch 116  task0_val_acc  79.50
epoch 117  task0_val_acc  78.60
epoch 118  task0_val_acc  76.60
epoch 119  task0_val_acc  75.70
epoch 120  task0_val_acc  78.90
