bash setup.sh
bash setup.sh
AKOrN pinned at eabbe2728c5b83836ce44f6d780b7cc37eea2a31 -> /root/NC/external/akorn
AKOrN pinned at eabbe2728c5b83836ce44f6d780b7cc37eea2a31 -> /root/NC/external/akorn
AKOrN pinned at eabbe2728c5b83836ce44f6d780b7cc37eea2a31 -> /root/NC/external/akorn
Requirement already satisfied: pip in /usr/local/lib/python3.11/dist-packages (26.1.1)
Requirement already satisfied: pip in /usr/local/lib/python3.11/dist-packages (26.1.1)
Requirement already satisfied: pip in /usr/local/lib/python3.11/dist-packages (26.1.1)
WARNING: Running pip as the 'root' user can result in broken permissions and conflicting behaviour with the system package manager, possibly rendering your system unusable. It is recommended to use a virtual environment instead: https://pip.pypa.io/warnings/venv. Use the --root-user-action option if you know what you are doing and want to suppress this warning.
WARNING: Running pip as the 'root' user can result in broken permissions and conflicting behaviour with the system package manager, possibly rendering your system unusable. It is recommended to use a virtual environment instead: https://pip.pypa.io/warnings/venv. Use the --root-user-action option if you know what you are doing and want to suppress this warning.
WARNING: Running pip as the 'root' user can result in broken permissions and conflicting behaviour with the system package manager, possibly rendering your system unusable. It is recommended to use a virtual environment instead: https://pip.pypa.io/warnings/venv. Use the --root-user-action option if you know what you are doing and want to suppress this warning.
Requirement already satisfied: torch in /usr/local/lib/python3.11/dist-packages (from -r /root/NC/requirements.txt (line 4)) (2.4.1+cu124)
Requirement already satisfied: torchvision in /usr/local/lib/python3.11/dist-packages (from -r /root/NC/requirements.txt (line 5)) (0.19.1+cu124)
Requirement already satisfied: einops in /usr/local/lib/python3.11/dist-packages (from -r /root/NC/requirements.txt (line 6)) (0.8.2)
Requirement already satisfied: ema_pytorch in /usr/local/lib/python3.11/dist-packages (from -r /root/NC/requirements.txt (line 7)) (0.7.9)
Requirement already satisfied: numpy in /usr/local/lib/python3.11/dist-packages (from -r /root/NC/requirements.txt (line 8)) (2.4.6)
Requirement already satisfied: scipy in /usr/local/lib/python3.11/dist-packages (from -r /root/NC/requirements.txt (line 9)) (1.17.1)
Requirement already satisfied: scikit-learn in /usr/local/lib/python3.11/dist-packages (from -r /root/NC/requirements.txt (line 10)) (1.8.0)
Requirement already satisfied: tqdm in /usr/local/lib/python3.11/dist-packages (from -r /root/NC/requirements.txt (line 11)) (4.67.3)
Requirement already satisfied: tensorboard in /usr/local/lib/python3.11/dist-packages (from -r /root/NC/requirements.txt (line 12)) (2.20.0)
Requirement already satisfied: avalanche-lib in /usr/local/lib/python3.11/dist-packages (from -r /root/NC/requirements.txt (line 13)) (0.6.0)
Requirement already satisfied: filelock in /usr/local/lib/python3.11/dist-packages (from torch->-r /root/NC/requirements.txt (line 4)) (3.13.1)
Requirement already satisfied: typing-extensions>=4.8.0 in /usr/local/lib/python3.11/dist-packages (from torch->-r /root/NC/requirements.txt (line 4)) (4.15.0)
Requirement already satisfied: sympy in /usr/local/lib/python3.11/dist-packages (from torch->-r /root/NC/requirements.txt (line 4)) (1.12)
Requirement already satisfied: networkx in /usr/local/lib/python3.11/dist-packages (from torch->-r /root/NC/requirements.txt (line 4)) (3.2.1)
Requirement already satisfied: jinja2 in /usr/local/lib/python3.11/dist-packages (from torch->-r /root/NC/requirements.txt (line 4)) (3.1.3)
Requirement already satisfied: fsspec in /usr/local/lib/python3.11/dist-packages (from torch->-r /root/NC/requirements.txt (line 4)) (2024.2.0)
Requirement already satisfied: nvidia-cuda-nvrtc-cu12==12.4.99 in /usr/local/lib/python3.11/dist-packages (from torch->-r /root/NC/requirements.txt (line 4)) (12.4.99)
Requirement already satisfied: nvidia-cuda-runtime-cu12==12.4.99 in /usr/local/lib/python3.11/dist-packages (from torch->-r /root/NC/requirements.txt (line 4)) (12.4.99)
Requirement already satisfied: nvidia-cuda-cupti-cu12==12.4.99 in /usr/local/lib/python3.11/dist-packages (from torch->-r /root/NC/requirements.txt (line 4)) (12.4.99)
Requirement already satisfied: nvidia-cudnn-cu12==9.1.0.70 in /usr/local/lib/python3.11/dist-packages (from torch->-r /root/NC/requirements.txt (line 4)) (9.1.0.70)
Requirement already satisfied: nvidia-cublas-cu12==12.4.2.65 in /usr/local/lib/python3.11/dist-packages (from torch->-r /root/NC/requirements.txt (line 4)) (12.4.2.65)
Requirement already satisfied: nvidia-cufft-cu12==11.2.0.44 in /usr/local/lib/python3.11/dist-packages (from torch->-r /root/NC/requirements.txt (line 4)) (11.2.0.44)
Requirement already satisfied: nvidia-curand-cu12==10.3.5.119 in /usr/local/lib/python3.11/dist-packages (from torch->-r /root/NC/requirements.txt (line 4)) (10.3.5.119)
Requirement already satisfied: nvidia-cusolver-cu12==11.6.0.99 in /usr/local/lib/python3.11/dist-packages (from torch->-r /root/NC/requirements.txt (line 4)) (11.6.0.99)
Requirement already satisfied: nvidia-cusparse-cu12==12.3.0.142 in /usr/local/lib/python3.11/dist-packages (from torch->-r /root/NC/requirements.txt (line 4)) (12.3.0.142)
Requirement already satisfied: nvidia-nccl-cu12==2.20.5 in /usr/local/lib/python3.11/dist-packages (from torch->-r /root/NC/requirements.txt (line 4)) (2.20.5)
Requirement already satisfied: nvidia-nvtx-cu12==12.4.99 in /usr/local/lib/python3.11/dist-packages (from torch->-r /root/NC/requirements.txt (line 4)) (12.4.99)
Requirement already satisfied: nvidia-nvjitlink-cu12==12.4.99 in /usr/local/lib/python3.11/dist-packages (from torch->-r /root/NC/requirements.txt (line 4)) (12.4.99)
Requirement already satisfied: triton==3.0.0 in /usr/local/lib/python3.11/dist-packages (from torch->-r /root/NC/requirements.txt (line 4)) (3.0.0)
Requirement already satisfied: pillow!=8.3.*,>=5.3.0 in /usr/local/lib/python3.11/dist-packages (from torchvision->-r /root/NC/requirements.txt (line 5)) (10.2.0)
Requirement already satisfied: joblib>=1.3.0 in /usr/local/lib/python3.11/dist-packages (from scikit-learn->-r /root/NC/requirements.txt (line 10)) (1.5.3)
Requirement already satisfied: threadpoolctl>=3.2.0 in /usr/local/lib/python3.11/dist-packages (from scikit-learn->-r /root/NC/requirements.txt (line 10)) (3.6.0)
Requirement already satisfied: absl-py>=0.4 in /usr/local/lib/python3.11/dist-packages (from tensorboard->-r /root/NC/requirements.txt (line 12)) (2.4.0)
Requirement already satisfied: grpcio>=1.48.2 in /usr/local/lib/python3.11/dist-packages (from tensorboard->-r /root/NC/requirements.txt (line 12)) (1.80.0)
Requirement already satisfied: markdown>=2.6.8 in /usr/local/lib/python3.11/dist-packages (from tensorboard->-r /root/NC/requirements.txt (line 12)) (3.10.2)
Requirement already satisfied: packaging in /usr/local/lib/python3.11/dist-packages (from tensorboard->-r /root/NC/requirements.txt (line 12)) (24.1)
Requirement already satisfied: protobuf!=4.24.0,>=3.19.6 in /usr/local/lib/python3.11/dist-packages (from tensorboard->-r /root/NC/requirements.txt (line 12)) (7.35.0)
Requirement already satisfied: setuptools>=41.0.0 in /usr/local/lib/python3.11/dist-packages (from tensorboard->-r /root/NC/requirements.txt (line 12)) (75.1.0)
Requirement already satisfied: tensorboard-data-server<0.8.0,>=0.7.0 in /usr/local/lib/python3.11/dist-packages (from tensorboard->-r /root/NC/requirements.txt (line 12)) (0.7.2)
Requirement already satisfied: werkzeug>=1.0.1 in /usr/local/lib/python3.11/dist-packages (from tensorboard->-r /root/NC/requirements.txt (line 12)) (3.1.8)
Requirement already satisfied: psutil in /usr/local/lib/python3.11/dist-packages (from avalanche-lib->-r /root/NC/requirements.txt (line 13)) (6.0.0)
Requirement already satisfied: gputil in /usr/local/lib/python3.11/dist-packages (from avalanche-lib->-r /root/NC/requirements.txt (line 13)) (1.4.0)
Requirement already satisfied: matplotlib in /usr/local/lib/python3.11/dist-packages (from avalanche-lib->-r /root/NC/requirements.txt (line 13)) (3.10.9)
Requirement already satisfied: pytorchcv in /usr/local/lib/python3.11/dist-packages (from avalanche-lib->-r /root/NC/requirements.txt (line 13)) (0.0.74)
Requirement already satisfied: wandb in /usr/local/lib/python3.11/dist-packages (from avalanche-lib->-r /root/NC/requirements.txt (line 13)) (0.27.0)
Requirement already satisfied: torchmetrics in /usr/local/lib/python3.11/dist-packages (from avalanche-lib->-r /root/NC/requirements.txt (line 13)) (1.9.0)
Requirement already satisfied: gdown in /usr/local/lib/python3.11/dist-packages (from avalanche-lib->-r /root/NC/requirements.txt (line 13)) (6.0.0)
Requirement already satisfied: qpsolvers[open_source_solvers] in /usr/local/lib/python3.11/dist-packages (from avalanche-lib->-r /root/NC/requirements.txt (line 13)) (4.12.0)
Requirement already satisfied: dill in /usr/local/lib/python3.11/dist-packages (from avalanche-lib->-r /root/NC/requirements.txt (line 13)) (0.4.1)
Requirement already satisfied: markupsafe>=2.1.1 in /usr/local/lib/python3.11/dist-packages (from werkzeug>=1.0.1->tensorboard->-r /root/NC/requirements.txt (line 12)) (2.1.5)
Requirement already satisfied: beautifulsoup4 in /usr/local/lib/python3.11/dist-packages (from gdown->avalanche-lib->-r /root/NC/requirements.txt (line 13)) (4.12.3)
Requirement already satisfied: requests[socks] in /usr/local/lib/python3.11/dist-packages (from gdown->avalanche-lib->-r /root/NC/requirements.txt (line 13)) (2.32.3)
Requirement already satisfied: soupsieve>1.2 in /usr/local/lib/python3.11/dist-packages (from beautifulsoup4->gdown->avalanche-lib->-r /root/NC/requirements.txt (line 13)) (2.6)
Requirement already satisfied: contourpy>=1.0.1 in /usr/local/lib/python3.11/dist-packages (from matplotlib->avalanche-lib->-r /root/NC/requirements.txt (line 13)) (1.3.3)
Requirement already satisfied: cycler>=0.10 in /usr/local/lib/python3.11/dist-packages (from matplotlib->avalanche-lib->-r /root/NC/requirements.txt (line 13)) (0.12.1)
Requirement already satisfied: fonttools>=4.22.0 in /usr/local/lib/python3.11/dist-packages (from matplotlib->avalanche-lib->-r /root/NC/requirements.txt (line 13)) (4.63.0)
Requirement already satisfied: kiwisolver>=1.3.1 in /usr/local/lib/python3.11/dist-packages (from matplotlib->avalanche-lib->-r /root/NC/requirements.txt (line 13)) (1.5.0)
Requirement already satisfied: pyparsing>=3 in /usr/local/lib/python3.11/dist-packages (from matplotlib->avalanche-lib->-r /root/NC/requirements.txt (line 13)) (3.3.2)
Requirement already satisfied: python-dateutil>=2.7 in /usr/local/lib/python3.11/dist-packages (from matplotlib->avalanche-lib->-r /root/NC/requirements.txt (line 13)) (2.9.0.post0)
Requirement already satisfied: torch in /usr/local/lib/python3.11/dist-packages (from -r /root/NC/requirements.txt (line 4)) (2.4.1+cu124)
Requirement already satisfied: torchvision in /usr/local/lib/python3.11/dist-packages (from -r /root/NC/requirements.txt (line 5)) (0.19.1+cu124)
Requirement already satisfied: einops in /usr/local/lib/python3.11/dist-packages (from -r /root/NC/requirements.txt (line 6)) (0.8.2)
Requirement already satisfied: ema_pytorch in /usr/local/lib/python3.11/dist-packages (from -r /root/NC/requirements.txt (line 7)) (0.7.9)
Requirement already satisfied: numpy in /usr/local/lib/python3.11/dist-packages (from -r /root/NC/requirements.txt (line 8)) (2.4.6)
Requirement already satisfied: scipy in /usr/local/lib/python3.11/dist-packages (from -r /root/NC/requirements.txt (line 9)) (1.17.1)
Requirement already satisfied: scikit-learn in /usr/local/lib/python3.11/dist-packages (from -r /root/NC/requirements.txt (line 10)) (1.8.0)
Requirement already satisfied: tqdm in /usr/local/lib/python3.11/dist-packages (from -r /root/NC/requirements.txt (line 11)) (4.67.3)
Requirement already satisfied: tensorboard in /usr/local/lib/python3.11/dist-packages (from -r /root/NC/requirements.txt (line 12)) (2.20.0)
Requirement already satisfied: avalanche-lib in /usr/local/lib/python3.11/dist-packages (from -r /root/NC/requirements.txt (line 13)) (0.6.0)
Requirement already satisfied: filelock in /usr/local/lib/python3.11/dist-packages (from torch->-r /root/NC/requirements.txt (line 4)) (3.13.1)
Requirement already satisfied: typing-extensions>=4.8.0 in /usr/local/lib/python3.11/dist-packages (from torch->-r /root/NC/requirements.txt (line 4)) (4.15.0)
Requirement already satisfied: sympy in /usr/local/lib/python3.11/dist-packages (from torch->-r /root/NC/requirements.txt (line 4)) (1.12)
Requirement already satisfied: six>=1.5 in /usr/lib/python3/dist-packages (from python-dateutil>=2.7->matplotlib->avalanche-lib->-r /root/NC/requirements.txt (line 13)) (1.16.0)
Requirement already satisfied: networkx in /usr/local/lib/python3.11/dist-packages (from torch->-r /root/NC/requirements.txt (line 4)) (3.2.1)
Requirement already satisfied: jinja2 in /usr/local/lib/python3.11/dist-packages (from torch->-r /root/NC/requirements.txt (line 4)) (3.1.3)
Requirement already satisfied: fsspec in /usr/local/lib/python3.11/dist-packages (from torch->-r /root/NC/requirements.txt (line 4)) (2024.2.0)
Requirement already satisfied: nvidia-cuda-nvrtc-cu12==12.4.99 in /usr/local/lib/python3.11/dist-packages (from torch->-r /root/NC/requirements.txt (line 4)) (12.4.99)
Requirement already satisfied: nvidia-cuda-runtime-cu12==12.4.99 in /usr/local/lib/python3.11/dist-packages (from torch->-r /root/NC/requirements.txt (line 4)) (12.4.99)
Requirement already satisfied: nvidia-cuda-cupti-cu12==12.4.99 in /usr/local/lib/python3.11/dist-packages (from torch->-r /root/NC/requirements.txt (line 4)) (12.4.99)
Requirement already satisfied: nvidia-cudnn-cu12==9.1.0.70 in /usr/local/lib/python3.11/dist-packages (from torch->-r /root/NC/requirements.txt (line 4)) (9.1.0.70)
Requirement already satisfied: nvidia-cublas-cu12==12.4.2.65 in /usr/local/lib/python3.11/dist-packages (from torch->-r /root/NC/requirements.txt (line 4)) (12.4.2.65)
Requirement already satisfied: nvidia-cufft-cu12==11.2.0.44 in /usr/local/lib/python3.11/dist-packages (from torch->-r /root/NC/requirements.txt (line 4)) (11.2.0.44)
Requirement already satisfied: nvidia-curand-cu12==10.3.5.119 in /usr/local/lib/python3.11/dist-packages (from torch->-r /root/NC/requirements.txt (line 4)) (10.3.5.119)
Requirement already satisfied: nvidia-cusolver-cu12==11.6.0.99 in /usr/local/lib/python3.11/dist-packages (from torch->-r /root/NC/requirements.txt (line 4)) (11.6.0.99)
Requirement already satisfied: nvidia-cusparse-cu12==12.3.0.142 in /usr/local/lib/python3.11/dist-packages (from torch->-r /root/NC/requirements.txt (line 4)) (12.3.0.142)
Requirement already satisfied: nvidia-nccl-cu12==2.20.5 in /usr/local/lib/python3.11/dist-packages (from torch->-r /root/NC/requirements.txt (line 4)) (2.20.5)
Requirement already satisfied: torch in /usr/local/lib/python3.11/dist-packages (from -r /root/NC/requirements.txt (line 4)) (2.4.1+cu124)
Requirement already satisfied: nvidia-nvtx-cu12==12.4.99 in /usr/local/lib/python3.11/dist-packages (from torch->-r /root/NC/requirements.txt (line 4)) (12.4.99)
Requirement already satisfied: torchvision in /usr/local/lib/python3.11/dist-packages (from -r /root/NC/requirements.txt (line 5)) (0.19.1+cu124)
Requirement already satisfied: einops in /usr/local/lib/python3.11/dist-packages (from -r /root/NC/requirements.txt (line 6)) (0.8.2)
Requirement already satisfied: nvidia-nvjitlink-cu12==12.4.99 in /usr/local/lib/python3.11/dist-packages (from torch->-r /root/NC/requirements.txt (line 4)) (12.4.99)
Requirement already satisfied: ema_pytorch in /usr/local/lib/python3.11/dist-packages (from -r /root/NC/requirements.txt (line 7)) (0.7.9)
Requirement already satisfied: numpy in /usr/local/lib/python3.11/dist-packages (from -r /root/NC/requirements.txt (line 8)) (2.4.6)
Requirement already satisfied: triton==3.0.0 in /usr/local/lib/python3.11/dist-packages (from torch->-r /root/NC/requirements.txt (line 4)) (3.0.0)
Requirement already satisfied: scipy in /usr/local/lib/python3.11/dist-packages (from -r /root/NC/requirements.txt (line 9)) (1.17.1)
Requirement already satisfied: scikit-learn in /usr/local/lib/python3.11/dist-packages (from -r /root/NC/requirements.txt (line 10)) (1.8.0)
Requirement already satisfied: tqdm in /usr/local/lib/python3.11/dist-packages (from -r /root/NC/requirements.txt (line 11)) (4.67.3)
Requirement already satisfied: tensorboard in /usr/local/lib/python3.11/dist-packages (from -r /root/NC/requirements.txt (line 12)) (2.20.0)
Requirement already satisfied: avalanche-lib in /usr/local/lib/python3.11/dist-packages (from -r /root/NC/requirements.txt (line 13)) (0.6.0)
Requirement already satisfied: filelock in /usr/local/lib/python3.11/dist-packages (from torch->-r /root/NC/requirements.txt (line 4)) (3.13.1)
Requirement already satisfied: typing-extensions>=4.8.0 in /usr/local/lib/python3.11/dist-packages (from torch->-r /root/NC/requirements.txt (line 4)) (4.15.0)
Requirement already satisfied: sympy in /usr/local/lib/python3.11/dist-packages (from torch->-r /root/NC/requirements.txt (line 4)) (1.12)
Requirement already satisfied: networkx in /usr/local/lib/python3.11/dist-packages (from torch->-r /root/NC/requirements.txt (line 4)) (3.2.1)
Requirement already satisfied: clarabel>=0.4.1 in /usr/local/lib/python3.11/dist-packages (from qpsolvers[open_source_solvers]->avalanche-lib->-r /root/NC/requirements.txt (line 13)) (0.11.1)
Requirement already satisfied: jinja2 in /usr/local/lib/python3.11/dist-packages (from torch->-r /root/NC/requirements.txt (line 4)) (3.1.3)
Requirement already satisfied: fsspec in /usr/local/lib/python3.11/dist-packages (from torch->-r /root/NC/requirements.txt (line 4)) (2024.2.0)
Requirement already satisfied: cvxopt>=1.2.6 in /usr/local/lib/python3.11/dist-packages (from qpsolvers[open_source_solvers]->avalanche-lib->-r /root/NC/requirements.txt (line 13)) (1.3.3)
Requirement already satisfied: nvidia-cuda-nvrtc-cu12==12.4.99 in /usr/local/lib/python3.11/dist-packages (from torch->-r /root/NC/requirements.txt (line 4)) (12.4.99)
Requirement already satisfied: daqp>=0.8.2 in /usr/local/lib/python3.11/dist-packages (from qpsolvers[open_source_solvers]->avalanche-lib->-r /root/NC/requirements.txt (line 13)) (0.8.7)
Requirement already satisfied: nvidia-cuda-runtime-cu12==12.4.99 in /usr/local/lib/python3.11/dist-packages (from torch->-r /root/NC/requirements.txt (line 4)) (12.4.99)
Requirement already satisfied: ecos>=2.0.8 in /usr/local/lib/python3.11/dist-packages (from qpsolvers[open_source_solvers]->avalanche-lib->-r /root/NC/requirements.txt (line 13)) (2.0.14)
Requirement already satisfied: nvidia-cuda-cupti-cu12==12.4.99 in /usr/local/lib/python3.11/dist-packages (from torch->-r /root/NC/requirements.txt (line 4)) (12.4.99)
Requirement already satisfied: highspy<1.14.0,>=1.1.2.dev3 in /usr/local/lib/python3.11/dist-packages (from qpsolvers[open_source_solvers]->avalanche-lib->-r /root/NC/requirements.txt (line 13)) (1.13.1)
Requirement already satisfied: nvidia-cudnn-cu12==9.1.0.70 in /usr/local/lib/python3.11/dist-packages (from torch->-r /root/NC/requirements.txt (line 4)) (9.1.0.70)
Requirement already satisfied: jaxopt>=0.8.3 in /usr/local/lib/python3.11/dist-packages (from qpsolvers[open_source_solvers]->avalanche-lib->-r /root/NC/requirements.txt (line 13)) (0.8.5)
Requirement already satisfied: nvidia-cublas-cu12==12.4.2.65 in /usr/local/lib/python3.11/dist-packages (from torch->-r /root/NC/requirements.txt (line 4)) (12.4.2.65)
Requirement already satisfied: osqp>=0.6.2 in /usr/local/lib/python3.11/dist-packages (from qpsolvers[open_source_solvers]->avalanche-lib->-r /root/NC/requirements.txt (line 13)) (1.1.1)
Requirement already satisfied: nvidia-cufft-cu12==11.2.0.44 in /usr/local/lib/python3.11/dist-packages (from torch->-r /root/NC/requirements.txt (line 4)) (11.2.0.44)
Requirement already satisfied: pillow!=8.3.*,>=5.3.0 in /usr/local/lib/python3.11/dist-packages (from torchvision->-r /root/NC/requirements.txt (line 5)) (10.2.0)
Requirement already satisfied: piqp>=0.2.2 in /usr/local/lib/python3.11/dist-packages (from qpsolvers[open_source_solvers]->avalanche-lib->-r /root/NC/requirements.txt (line 13)) (0.6.3)
Requirement already satisfied: nvidia-curand-cu12==10.3.5.119 in /usr/local/lib/python3.11/dist-packages (from torch->-r /root/NC/requirements.txt (line 4)) (10.3.5.119)
Requirement already satisfied: proxsuite>=0.2.9 in /usr/local/lib/python3.11/dist-packages (from qpsolvers[open_source_solvers]->avalanche-lib->-r /root/NC/requirements.txt (line 13)) (0.7.3)
Requirement already satisfied: nvidia-cusolver-cu12==11.6.0.99 in /usr/local/lib/python3.11/dist-packages (from torch->-r /root/NC/requirements.txt (line 4)) (11.6.0.99)
Requirement already satisfied: pyqpmad>=1.4.0.post3 in /usr/local/lib/python3.11/dist-packages (from qpsolvers[open_source_solvers]->avalanche-lib->-r /root/NC/requirements.txt (line 13)) (1.4.1)
Requirement already satisfied: nvidia-cusparse-cu12==12.3.0.142 in /usr/local/lib/python3.11/dist-packages (from torch->-r /root/NC/requirements.txt (line 4)) (12.3.0.142)
Requirement already satisfied: qpalm>=1.2.1 in /usr/local/lib/python3.11/dist-packages (from qpsolvers[open_source_solvers]->avalanche-lib->-r /root/NC/requirements.txt (line 13)) (1.2.6)
Requirement already satisfied: nvidia-nccl-cu12==2.20.5 in /usr/local/lib/python3.11/dist-packages (from torch->-r /root/NC/requirements.txt (line 4)) (2.20.5)
Requirement already satisfied: qpax>=0.0.9 in /usr/local/lib/python3.11/dist-packages (from qpsolvers[open_source_solvers]->avalanche-lib->-r /root/NC/requirements.txt (line 13)) (0.1.3)
Requirement already satisfied: nvidia-nvtx-cu12==12.4.99 in /usr/local/lib/python3.11/dist-packages (from torch->-r /root/NC/requirements.txt (line 4)) (12.4.99)
Requirement already satisfied: qtqp>=0.0.3 in /usr/local/lib/python3.11/dist-packages (from qpsolvers[open_source_solvers]->avalanche-lib->-r /root/NC/requirements.txt (line 13)) (0.0.5)
Requirement already satisfied: quadprog>=0.1.11 in /usr/local/lib/python3.11/dist-packages (from qpsolvers[open_source_solvers]->avalanche-lib->-r /root/NC/requirements.txt (line 13)) (0.1.13)
Requirement already satisfied: nvidia-nvjitlink-cu12==12.4.99 in /usr/local/lib/python3.11/dist-packages (from torch->-r /root/NC/requirements.txt (line 4)) (12.4.99)
Requirement already satisfied: scs>=3.2.0 in /usr/local/lib/python3.11/dist-packages (from qpsolvers[open_source_solvers]->avalanche-lib->-r /root/NC/requirements.txt (line 13)) (3.2.11)
Requirement already satisfied: triton==3.0.0 in /usr/local/lib/python3.11/dist-packages (from torch->-r /root/NC/requirements.txt (line 4)) (3.0.0)
Requirement already satisfied: sip-python>=0.0.2 in /usr/local/lib/python3.11/dist-packages (from qpsolvers[open_source_solvers]->avalanche-lib->-r /root/NC/requirements.txt (line 13)) (0.0.4)
Requirement already satisfied: cffi in /usr/local/lib/python3.11/dist-packages (from clarabel>=0.4.1->qpsolvers[open_source_solvers]->avalanche-lib->-r /root/NC/requirements.txt (line 13)) (1.17.1)
Requirement already satisfied: joblib>=1.3.0 in /usr/local/lib/python3.11/dist-packages (from scikit-learn->-r /root/NC/requirements.txt (line 10)) (1.5.3)
Requirement already satisfied: threadpoolctl>=3.2.0 in /usr/local/lib/python3.11/dist-packages (from scikit-learn->-r /root/NC/requirements.txt (line 10)) (3.6.0)
Requirement already satisfied: pillow!=8.3.*,>=5.3.0 in /usr/local/lib/python3.11/dist-packages (from torchvision->-r /root/NC/requirements.txt (line 5)) (10.2.0)
Requirement already satisfied: absl-py>=0.4 in /usr/local/lib/python3.11/dist-packages (from tensorboard->-r /root/NC/requirements.txt (line 12)) (2.4.0)
Requirement already satisfied: jax>=0.2.18 in /usr/local/lib/python3.11/dist-packages (from jaxopt>=0.8.3->qpsolvers[open_source_solvers]->avalanche-lib->-r /root/NC/requirements.txt (line 13)) (0.10.1)
Requirement already satisfied: grpcio>=1.48.2 in /usr/local/lib/python3.11/dist-packages (from tensorboard->-r /root/NC/requirements.txt (line 12)) (1.80.0)
Requirement already satisfied: jaxlib>=0.1.69 in /usr/local/lib/python3.11/dist-packages (from jaxopt>=0.8.3->qpsolvers[open_source_solvers]->avalanche-lib->-r /root/NC/requirements.txt (line 13)) (0.10.1)
Requirement already satisfied: markdown>=2.6.8 in /usr/local/lib/python3.11/dist-packages (from tensorboard->-r /root/NC/requirements.txt (line 12)) (3.10.2)
Requirement already satisfied: packaging in /usr/local/lib/python3.11/dist-packages (from tensorboard->-r /root/NC/requirements.txt (line 12)) (24.1)
Requirement already satisfied: protobuf!=4.24.0,>=3.19.6 in /usr/local/lib/python3.11/dist-packages (from tensorboard->-r /root/NC/requirements.txt (line 12)) (7.35.0)
Requirement already satisfied: setuptools>=41.0.0 in /usr/local/lib/python3.11/dist-packages (from tensorboard->-r /root/NC/requirements.txt (line 12)) (75.1.0)
Requirement already satisfied: tensorboard-data-server<0.8.0,>=0.7.0 in /usr/local/lib/python3.11/dist-packages (from tensorboard->-r /root/NC/requirements.txt (line 12)) (0.7.2)
Requirement already satisfied: werkzeug>=1.0.1 in /usr/local/lib/python3.11/dist-packages (from tensorboard->-r /root/NC/requirements.txt (line 12)) (3.1.8)
Requirement already satisfied: ml_dtypes>=0.5.0 in /usr/local/lib/python3.11/dist-packages (from jax>=0.2.18->jaxopt>=0.8.3->qpsolvers[open_source_solvers]->avalanche-lib->-r /root/NC/requirements.txt (line 13)) (0.5.4)
Requirement already satisfied: opt_einsum in /usr/local/lib/python3.11/dist-packages (from jax>=0.2.18->jaxopt>=0.8.3->qpsolvers[open_source_solvers]->avalanche-lib->-r /root/NC/requirements.txt (line 13)) (3.4.0)
Requirement already satisfied: psutil in /usr/local/lib/python3.11/dist-packages (from avalanche-lib->-r /root/NC/requirements.txt (line 13)) (6.0.0)
Requirement already satisfied: gputil in /usr/local/lib/python3.11/dist-packages (from avalanche-lib->-r /root/NC/requirements.txt (line 13)) (1.4.0)
Requirement already satisfied: matplotlib in /usr/local/lib/python3.11/dist-packages (from avalanche-lib->-r /root/NC/requirements.txt (line 13)) (3.10.9)
Requirement already satisfied: pytorchcv in /usr/local/lib/python3.11/dist-packages (from avalanche-lib->-r /root/NC/requirements.txt (line 13)) (0.0.74)
Requirement already satisfied: wandb in /usr/local/lib/python3.11/dist-packages (from avalanche-lib->-r /root/NC/requirements.txt (line 13)) (0.27.0)
Requirement already satisfied: torchmetrics in /usr/local/lib/python3.11/dist-packages (from avalanche-lib->-r /root/NC/requirements.txt (line 13)) (1.9.0)
Requirement already satisfied: gdown in /usr/local/lib/python3.11/dist-packages (from avalanche-lib->-r /root/NC/requirements.txt (line 13)) (6.0.0)
Requirement already satisfied: qpsolvers[open_source_solvers] in /usr/local/lib/python3.11/dist-packages (from avalanche-lib->-r /root/NC/requirements.txt (line 13)) (4.12.0)
Requirement already satisfied: joblib>=1.3.0 in /usr/local/lib/python3.11/dist-packages (from scikit-learn->-r /root/NC/requirements.txt (line 10)) (1.5.3)
Requirement already satisfied: dill in /usr/local/lib/python3.11/dist-packages (from avalanche-lib->-r /root/NC/requirements.txt (line 13)) (0.4.1)
Requirement already satisfied: threadpoolctl>=3.2.0 in /usr/local/lib/python3.11/dist-packages (from scikit-learn->-r /root/NC/requirements.txt (line 10)) (3.6.0)
Requirement already satisfied: absl-py>=0.4 in /usr/local/lib/python3.11/dist-packages (from tensorboard->-r /root/NC/requirements.txt (line 12)) (2.4.0)
Requirement already satisfied: grpcio>=1.48.2 in /usr/local/lib/python3.11/dist-packages (from tensorboard->-r /root/NC/requirements.txt (line 12)) (1.80.0)
Requirement already satisfied: cmeel in /usr/local/lib/python3.11/dist-packages (from proxsuite>=0.2.9->qpsolvers[open_source_solvers]->avalanche-lib->-r /root/NC/requirements.txt (line 13)) (0.60.1)
Requirement already satisfied: markdown>=2.6.8 in /usr/local/lib/python3.11/dist-packages (from tensorboard->-r /root/NC/requirements.txt (line 12)) (3.10.2)
Requirement already satisfied: packaging in /usr/local/lib/python3.11/dist-packages (from tensorboard->-r /root/NC/requirements.txt (line 12)) (24.1)
Requirement already satisfied: protobuf!=4.24.0,>=3.19.6 in /usr/local/lib/python3.11/dist-packages (from tensorboard->-r /root/NC/requirements.txt (line 12)) (7.35.0)
Requirement already satisfied: setuptools>=41.0.0 in /usr/local/lib/python3.11/dist-packages (from tensorboard->-r /root/NC/requirements.txt (line 12)) (75.1.0)
Requirement already satisfied: tensorboard-data-server<0.8.0,>=0.7.0 in /usr/local/lib/python3.11/dist-packages (from tensorboard->-r /root/NC/requirements.txt (line 12)) (0.7.2)
Requirement already satisfied: werkzeug>=1.0.1 in /usr/local/lib/python3.11/dist-packages (from tensorboard->-r /root/NC/requirements.txt (line 12)) (3.1.8)
Requirement already satisfied: psutil in /usr/local/lib/python3.11/dist-packages (from avalanche-lib->-r /root/NC/requirements.txt (line 13)) (6.0.0)
Requirement already satisfied: gputil in /usr/local/lib/python3.11/dist-packages (from avalanche-lib->-r /root/NC/requirements.txt (line 13)) (1.4.0)
Requirement already satisfied: matplotlib in /usr/local/lib/python3.11/dist-packages (from avalanche-lib->-r /root/NC/requirements.txt (line 13)) (3.10.9)
Requirement already satisfied: pytorchcv in /usr/local/lib/python3.11/dist-packages (from avalanche-lib->-r /root/NC/requirements.txt (line 13)) (0.0.74)
Requirement already satisfied: wandb in /usr/local/lib/python3.11/dist-packages (from avalanche-lib->-r /root/NC/requirements.txt (line 13)) (0.27.0)
Requirement already satisfied: torchmetrics in /usr/local/lib/python3.11/dist-packages (from avalanche-lib->-r /root/NC/requirements.txt (line 13)) (1.9.0)
Requirement already satisfied: gdown in /usr/local/lib/python3.11/dist-packages (from avalanche-lib->-r /root/NC/requirements.txt (line 13)) (6.0.0)
Requirement already satisfied: qpsolvers[open_source_solvers] in /usr/local/lib/python3.11/dist-packages (from avalanche-lib->-r /root/NC/requirements.txt (line 13)) (4.12.0)
Requirement already satisfied: dill in /usr/local/lib/python3.11/dist-packages (from avalanche-lib->-r /root/NC/requirements.txt (line 13)) (0.4.1)
Requirement already satisfied: py-mkl-pardiso in /usr/local/lib/python3.11/dist-packages (from qtqp>=0.0.3->qpsolvers[open_source_solvers]->avalanche-lib->-r /root/NC/requirements.txt (line 13)) (0.0.5)
Requirement already satisfied: pycparser in /usr/local/lib/python3.11/dist-packages (from cffi->clarabel>=0.4.1->qpsolvers[open_source_solvers]->avalanche-lib->-r /root/NC/requirements.txt (line 13)) (2.22)
Requirement already satisfied: markupsafe>=2.1.1 in /usr/local/lib/python3.11/dist-packages (from werkzeug>=1.0.1->tensorboard->-r /root/NC/requirements.txt (line 12)) (2.1.5)
Requirement already satisfied: charset-normalizer<4,>=2 in /usr/local/lib/python3.11/dist-packages (from requests[socks]->gdown->avalanche-lib->-r /root/NC/requirements.txt (line 13)) (3.3.2)
Requirement already satisfied: idna<4,>=2.5 in /usr/local/lib/python3.11/dist-packages (from requests[socks]->gdown->avalanche-lib->-r /root/NC/requirements.txt (line 13)) (3.10)
Requirement already satisfied: urllib3<3,>=1.21.1 in /usr/local/lib/python3.11/dist-packages (from requests[socks]->gdown->avalanche-lib->-r /root/NC/requirements.txt (line 13)) (2.2.3)
Requirement already satisfied: certifi>=2017.4.17 in /usr/local/lib/python3.11/dist-packages (from requests[socks]->gdown->avalanche-lib->-r /root/NC/requirements.txt (line 13)) (2024.8.30)
Requirement already satisfied: beautifulsoup4 in /usr/local/lib/python3.11/dist-packages (from gdown->avalanche-lib->-r /root/NC/requirements.txt (line 13)) (4.12.3)
Requirement already satisfied: requests[socks] in /usr/local/lib/python3.11/dist-packages (from gdown->avalanche-lib->-r /root/NC/requirements.txt (line 13)) (2.32.3)
Requirement already satisfied: soupsieve>1.2 in /usr/local/lib/python3.11/dist-packages (from beautifulsoup4->gdown->avalanche-lib->-r /root/NC/requirements.txt (line 13)) (2.6)
Requirement already satisfied: markupsafe>=2.1.1 in /usr/local/lib/python3.11/dist-packages (from werkzeug>=1.0.1->tensorboard->-r /root/NC/requirements.txt (line 12)) (2.1.5)
Requirement already satisfied: PySocks!=1.5.7,>=1.5.6 in /usr/local/lib/python3.11/dist-packages (from requests[socks]->gdown->avalanche-lib->-r /root/NC/requirements.txt (line 13)) (1.7.1)
Requirement already satisfied: contourpy>=1.0.1 in /usr/local/lib/python3.11/dist-packages (from matplotlib->avalanche-lib->-r /root/NC/requirements.txt (line 13)) (1.3.3)
Requirement already satisfied: cycler>=0.10 in /usr/local/lib/python3.11/dist-packages (from matplotlib->avalanche-lib->-r /root/NC/requirements.txt (line 13)) (0.12.1)
Requirement already satisfied: fonttools>=4.22.0 in /usr/local/lib/python3.11/dist-packages (from matplotlib->avalanche-lib->-r /root/NC/requirements.txt (line 13)) (4.63.0)
Requirement already satisfied: mpmath>=0.19 in /usr/local/lib/python3.11/dist-packages (from sympy->torch->-r /root/NC/requirements.txt (line 4)) (1.3.0)
Requirement already satisfied: kiwisolver>=1.3.1 in /usr/local/lib/python3.11/dist-packages (from matplotlib->avalanche-lib->-r /root/NC/requirements.txt (line 13)) (1.5.0)
Requirement already satisfied: pyparsing>=3 in /usr/local/lib/python3.11/dist-packages (from matplotlib->avalanche-lib->-r /root/NC/requirements.txt (line 13)) (3.3.2)
Requirement already satisfied: python-dateutil>=2.7 in /usr/local/lib/python3.11/dist-packages (from matplotlib->avalanche-lib->-r /root/NC/requirements.txt (line 13)) (2.9.0.post0)
Requirement already satisfied: beautifulsoup4 in /usr/local/lib/python3.11/dist-packages (from gdown->avalanche-lib->-r /root/NC/requirements.txt (line 13)) (4.12.3)
Requirement already satisfied: requests[socks] in /usr/local/lib/python3.11/dist-packages (from gdown->avalanche-lib->-r /root/NC/requirements.txt (line 13)) (2.32.3)
Requirement already satisfied: soupsieve>1.2 in /usr/local/lib/python3.11/dist-packages (from beautifulsoup4->gdown->avalanche-lib->-r /root/NC/requirements.txt (line 13)) (2.6)
Requirement already satisfied: lightning-utilities>=0.15.3 in /usr/local/lib/python3.11/dist-packages (from torchmetrics->avalanche-lib->-r /root/NC/requirements.txt (line 13)) (0.15.3)
Requirement already satisfied: contourpy>=1.0.1 in /usr/local/lib/python3.11/dist-packages (from matplotlib->avalanche-lib->-r /root/NC/requirements.txt (line 13)) (1.3.3)
Requirement already satisfied: cycler>=0.10 in /usr/local/lib/python3.11/dist-packages (from matplotlib->avalanche-lib->-r /root/NC/requirements.txt (line 13)) (0.12.1)
Requirement already satisfied: fonttools>=4.22.0 in /usr/local/lib/python3.11/dist-packages (from matplotlib->avalanche-lib->-r /root/NC/requirements.txt (line 13)) (4.63.0)
Requirement already satisfied: kiwisolver>=1.3.1 in /usr/local/lib/python3.11/dist-packages (from matplotlib->avalanche-lib->-r /root/NC/requirements.txt (line 13)) (1.5.0)
Requirement already satisfied: pyparsing>=3 in /usr/local/lib/python3.11/dist-packages (from matplotlib->avalanche-lib->-r /root/NC/requirements.txt (line 13)) (3.3.2)
Requirement already satisfied: six>=1.5 in /usr/lib/python3/dist-packages (from python-dateutil>=2.7->matplotlib->avalanche-lib->-r /root/NC/requirements.txt (line 13)) (1.16.0)
Requirement already satisfied: python-dateutil>=2.7 in /usr/local/lib/python3.11/dist-packages (from matplotlib->avalanche-lib->-r /root/NC/requirements.txt (line 13)) (2.9.0.post0)
Requirement already satisfied: click>=8.2.0 in /usr/local/lib/python3.11/dist-packages (from wandb->avalanche-lib->-r /root/NC/requirements.txt (line 13)) (8.4.1)
Requirement already satisfied: gitpython!=3.1.29,>=1.0.0 in /usr/local/lib/python3.11/dist-packages (from wandb->avalanche-lib->-r /root/NC/requirements.txt (line 13)) (3.1.50)
Requirement already satisfied: platformdirs in /usr/local/lib/python3.11/dist-packages (from wandb->avalanche-lib->-r /root/NC/requirements.txt (line 13)) (4.3.6)
Requirement already satisfied: pydantic<3,>=2.6 in /usr/local/lib/python3.11/dist-packages (from wandb->avalanche-lib->-r /root/NC/requirements.txt (line 13)) (2.13.4)
Requirement already satisfied: pyyaml in /usr/local/lib/python3.11/dist-packages (from wandb->avalanche-lib->-r /root/NC/requirements.txt (line 13)) (6.0.2)
Requirement already satisfied: sentry-sdk>=2.0.0 in /usr/local/lib/python3.11/dist-packages (from wandb->avalanche-lib->-r /root/NC/requirements.txt (line 13)) (2.61.0)
Requirement already satisfied: annotated-types>=0.6.0 in /usr/local/lib/python3.11/dist-packages (from pydantic<3,>=2.6->wandb->avalanche-lib->-r /root/NC/requirements.txt (line 13)) (0.7.0)
Requirement already satisfied: pydantic-core==2.46.4 in /usr/local/lib/python3.11/dist-packages (from pydantic<3,>=2.6->wandb->avalanche-lib->-r /root/NC/requirements.txt (line 13)) (2.46.4)
Requirement already satisfied: typing-inspection>=0.4.2 in /usr/local/lib/python3.11/dist-packages (from pydantic<3,>=2.6->wandb->avalanche-lib->-r /root/NC/requirements.txt (line 13)) (0.4.2)
Requirement already satisfied: six>=1.5 in /usr/lib/python3/dist-packages (from python-dateutil>=2.7->matplotlib->avalanche-lib->-r /root/NC/requirements.txt (line 13)) (1.16.0)
Requirement already satisfied: clarabel>=0.4.1 in /usr/local/lib/python3.11/dist-packages (from qpsolvers[open_source_solvers]->avalanche-lib->-r /root/NC/requirements.txt (line 13)) (0.11.1)
Requirement already satisfied: cvxopt>=1.2.6 in /usr/local/lib/python3.11/dist-packages (from qpsolvers[open_source_solvers]->avalanche-lib->-r /root/NC/requirements.txt (line 13)) (1.3.3)
Requirement already satisfied: daqp>=0.8.2 in /usr/local/lib/python3.11/dist-packages (from qpsolvers[open_source_solvers]->avalanche-lib->-r /root/NC/requirements.txt (line 13)) (0.8.7)
Requirement already satisfied: ecos>=2.0.8 in /usr/local/lib/python3.11/dist-packages (from qpsolvers[open_source_solvers]->avalanche-lib->-r /root/NC/requirements.txt (line 13)) (2.0.14)
Requirement already satisfied: highspy<1.14.0,>=1.1.2.dev3 in /usr/local/lib/python3.11/dist-packages (from qpsolvers[open_source_solvers]->avalanche-lib->-r /root/NC/requirements.txt (line 13)) (1.13.1)
Requirement already satisfied: jaxopt>=0.8.3 in /usr/local/lib/python3.11/dist-packages (from qpsolvers[open_source_solvers]->avalanche-lib->-r /root/NC/requirements.txt (line 13)) (0.8.5)
Requirement already satisfied: osqp>=0.6.2 in /usr/local/lib/python3.11/dist-packages (from qpsolvers[open_source_solvers]->avalanche-lib->-r /root/NC/requirements.txt (line 13)) (1.1.1)
Requirement already satisfied: piqp>=0.2.2 in /usr/local/lib/python3.11/dist-packages (from qpsolvers[open_source_solvers]->avalanche-lib->-r /root/NC/requirements.txt (line 13)) (0.6.3)
Requirement already satisfied: proxsuite>=0.2.9 in /usr/local/lib/python3.11/dist-packages (from qpsolvers[open_source_solvers]->avalanche-lib->-r /root/NC/requirements.txt (line 13)) (0.7.3)
Requirement already satisfied: pyqpmad>=1.4.0.post3 in /usr/local/lib/python3.11/dist-packages (from qpsolvers[open_source_solvers]->avalanche-lib->-r /root/NC/requirements.txt (line 13)) (1.4.1)
Requirement already satisfied: qpalm>=1.2.1 in /usr/local/lib/python3.11/dist-packages (from qpsolvers[open_source_solvers]->avalanche-lib->-r /root/NC/requirements.txt (line 13)) (1.2.6)
Requirement already satisfied: gitdb<5,>=4.0.1 in /usr/local/lib/python3.11/dist-packages (from gitpython!=3.1.29,>=1.0.0->wandb->avalanche-lib->-r /root/NC/requirements.txt (line 13)) (4.0.12)
Requirement already satisfied: qpax>=0.0.9 in /usr/local/lib/python3.11/dist-packages (from qpsolvers[open_source_solvers]->avalanche-lib->-r /root/NC/requirements.txt (line 13)) (0.1.3)
Requirement already satisfied: qtqp>=0.0.3 in /usr/local/lib/python3.11/dist-packages (from qpsolvers[open_source_solvers]->avalanche-lib->-r /root/NC/requirements.txt (line 13)) (0.0.5)
Requirement already satisfied: quadprog>=0.1.11 in /usr/local/lib/python3.11/dist-packages (from qpsolvers[open_source_solvers]->avalanche-lib->-r /root/NC/requirements.txt (line 13)) (0.1.13)
Requirement already satisfied: scs>=3.2.0 in /usr/local/lib/python3.11/dist-packages (from qpsolvers[open_source_solvers]->avalanche-lib->-r /root/NC/requirements.txt (line 13)) (3.2.11)
Requirement already satisfied: sip-python>=0.0.2 in /usr/local/lib/python3.11/dist-packages (from qpsolvers[open_source_solvers]->avalanche-lib->-r /root/NC/requirements.txt (line 13)) (0.0.4)
Requirement already satisfied: smmap<6,>=3.0.1 in /usr/local/lib/python3.11/dist-packages (from gitdb<5,>=4.0.1->gitpython!=3.1.29,>=1.0.0->wandb->avalanche-lib->-r /root/NC/requirements.txt (line 13)) (5.0.3)
Requirement already satisfied: cffi in /usr/local/lib/python3.11/dist-packages (from clarabel>=0.4.1->qpsolvers[open_source_solvers]->avalanche-lib->-r /root/NC/requirements.txt (line 13)) (1.17.1)
Requirement already satisfied: clarabel>=0.4.1 in /usr/local/lib/python3.11/dist-packages (from qpsolvers[open_source_solvers]->avalanche-lib->-r /root/NC/requirements.txt (line 13)) (0.11.1)
Requirement already satisfied: cvxopt>=1.2.6 in /usr/local/lib/python3.11/dist-packages (from qpsolvers[open_source_solvers]->avalanche-lib->-r /root/NC/requirements.txt (line 13)) (1.3.3)
Requirement already satisfied: daqp>=0.8.2 in /usr/local/lib/python3.11/dist-packages (from qpsolvers[open_source_solvers]->avalanche-lib->-r /root/NC/requirements.txt (line 13)) (0.8.7)
Requirement already satisfied: ecos>=2.0.8 in /usr/local/lib/python3.11/dist-packages (from qpsolvers[open_source_solvers]->avalanche-lib->-r /root/NC/requirements.txt (line 13)) (2.0.14)
Requirement already satisfied: highspy<1.14.0,>=1.1.2.dev3 in /usr/local/lib/python3.11/dist-packages (from qpsolvers[open_source_solvers]->avalanche-lib->-r /root/NC/requirements.txt (line 13)) (1.13.1)
Requirement already satisfied: jaxopt>=0.8.3 in /usr/local/lib/python3.11/dist-packages (from qpsolvers[open_source_solvers]->avalanche-lib->-r /root/NC/requirements.txt (line 13)) (0.8.5)
Requirement already satisfied: osqp>=0.6.2 in /usr/local/lib/python3.11/dist-packages (from qpsolvers[open_source_solvers]->avalanche-lib->-r /root/NC/requirements.txt (line 13)) (1.1.1)
Requirement already satisfied: piqp>=0.2.2 in /usr/local/lib/python3.11/dist-packages (from qpsolvers[open_source_solvers]->avalanche-lib->-r /root/NC/requirements.txt (line 13)) (0.6.3)
Requirement already satisfied: proxsuite>=0.2.9 in /usr/local/lib/python3.11/dist-packages (from qpsolvers[open_source_solvers]->avalanche-lib->-r /root/NC/requirements.txt (line 13)) (0.7.3)
Requirement already satisfied: pyqpmad>=1.4.0.post3 in /usr/local/lib/python3.11/dist-packages (from qpsolvers[open_source_solvers]->avalanche-lib->-r /root/NC/requirements.txt (line 13)) (1.4.1)
Requirement already satisfied: qpalm>=1.2.1 in /usr/local/lib/python3.11/dist-packages (from qpsolvers[open_source_solvers]->avalanche-lib->-r /root/NC/requirements.txt (line 13)) (1.2.6)
Requirement already satisfied: jax>=0.2.18 in /usr/local/lib/python3.11/dist-packages (from jaxopt>=0.8.3->qpsolvers[open_source_solvers]->avalanche-lib->-r /root/NC/requirements.txt (line 13)) (0.10.1)
Requirement already satisfied: qpax>=0.0.9 in /usr/local/lib/python3.11/dist-packages (from qpsolvers[open_source_solvers]->avalanche-lib->-r /root/NC/requirements.txt (line 13)) (0.1.3)
Requirement already satisfied: jaxlib>=0.1.69 in /usr/local/lib/python3.11/dist-packages (from jaxopt>=0.8.3->qpsolvers[open_source_solvers]->avalanche-lib->-r /root/NC/requirements.txt (line 13)) (0.10.1)
Requirement already satisfied: qtqp>=0.0.3 in /usr/local/lib/python3.11/dist-packages (from qpsolvers[open_source_solvers]->avalanche-lib->-r /root/NC/requirements.txt (line 13)) (0.0.5)
Requirement already satisfied: quadprog>=0.1.11 in /usr/local/lib/python3.11/dist-packages (from qpsolvers[open_source_solvers]->avalanche-lib->-r /root/NC/requirements.txt (line 13)) (0.1.13)
Requirement already satisfied: scs>=3.2.0 in /usr/local/lib/python3.11/dist-packages (from qpsolvers[open_source_solvers]->avalanche-lib->-r /root/NC/requirements.txt (line 13)) (3.2.11)
Requirement already satisfied: sip-python>=0.0.2 in /usr/local/lib/python3.11/dist-packages (from qpsolvers[open_source_solvers]->avalanche-lib->-r /root/NC/requirements.txt (line 13)) (0.0.4)
Requirement already satisfied: ml_dtypes>=0.5.0 in /usr/local/lib/python3.11/dist-packages (from jax>=0.2.18->jaxopt>=0.8.3->qpsolvers[open_source_solvers]->avalanche-lib->-r /root/NC/requirements.txt (line 13)) (0.5.4)
Requirement already satisfied: opt_einsum in /usr/local/lib/python3.11/dist-packages (from jax>=0.2.18->jaxopt>=0.8.3->qpsolvers[open_source_solvers]->avalanche-lib->-r /root/NC/requirements.txt (line 13)) (3.4.0)
Requirement already satisfied: cffi in /usr/local/lib/python3.11/dist-packages (from clarabel>=0.4.1->qpsolvers[open_source_solvers]->avalanche-lib->-r /root/NC/requirements.txt (line 13)) (1.17.1)
Requirement already satisfied: jax>=0.2.18 in /usr/local/lib/python3.11/dist-packages (from jaxopt>=0.8.3->qpsolvers[open_source_solvers]->avalanche-lib->-r /root/NC/requirements.txt (line 13)) (0.10.1)
Requirement already satisfied: jaxlib>=0.1.69 in /usr/local/lib/python3.11/dist-packages (from jaxopt>=0.8.3->qpsolvers[open_source_solvers]->avalanche-lib->-r /root/NC/requirements.txt (line 13)) (0.10.1)
Requirement already satisfied: cmeel in /usr/local/lib/python3.11/dist-packages (from proxsuite>=0.2.9->qpsolvers[open_source_solvers]->avalanche-lib->-r /root/NC/requirements.txt (line 13)) (0.60.1)
Requirement already satisfied: ml_dtypes>=0.5.0 in /usr/local/lib/python3.11/dist-packages (from jax>=0.2.18->jaxopt>=0.8.3->qpsolvers[open_source_solvers]->avalanche-lib->-r /root/NC/requirements.txt (line 13)) (0.5.4)
Requirement already satisfied: opt_einsum in /usr/local/lib/python3.11/dist-packages (from jax>=0.2.18->jaxopt>=0.8.3->qpsolvers[open_source_solvers]->avalanche-lib->-r /root/NC/requirements.txt (line 13)) (3.4.0)
Requirement already satisfied: py-mkl-pardiso in /usr/local/lib/python3.11/dist-packages (from qtqp>=0.0.3->qpsolvers[open_source_solvers]->avalanche-lib->-r /root/NC/requirements.txt (line 13)) (0.0.5)
Requirement already satisfied: cmeel in /usr/local/lib/python3.11/dist-packages (from proxsuite>=0.2.9->qpsolvers[open_source_solvers]->avalanche-lib->-r /root/NC/requirements.txt (line 13)) (0.60.1)
Requirement already satisfied: pycparser in /usr/local/lib/python3.11/dist-packages (from cffi->clarabel>=0.4.1->qpsolvers[open_source_solvers]->avalanche-lib->-r /root/NC/requirements.txt (line 13)) (2.22)
Requirement already satisfied: py-mkl-pardiso in /usr/local/lib/python3.11/dist-packages (from qtqp>=0.0.3->qpsolvers[open_source_solvers]->avalanche-lib->-r /root/NC/requirements.txt (line 13)) (0.0.5)
Requirement already satisfied: charset-normalizer<4,>=2 in /usr/local/lib/python3.11/dist-packages (from requests[socks]->gdown->avalanche-lib->-r /root/NC/requirements.txt (line 13)) (3.3.2)
Requirement already satisfied: idna<4,>=2.5 in /usr/local/lib/python3.11/dist-packages (from requests[socks]->gdown->avalanche-lib->-r /root/NC/requirements.txt (line 13)) (3.10)
Requirement already satisfied: urllib3<3,>=1.21.1 in /usr/local/lib/python3.11/dist-packages (from requests[socks]->gdown->avalanche-lib->-r /root/NC/requirements.txt (line 13)) (2.2.3)
Requirement already satisfied: certifi>=2017.4.17 in /usr/local/lib/python3.11/dist-packages (from requests[socks]->gdown->avalanche-lib->-r /root/NC/requirements.txt (line 13)) (2024.8.30)
Requirement already satisfied: pycparser in /usr/local/lib/python3.11/dist-packages (from cffi->clarabel>=0.4.1->qpsolvers[open_source_solvers]->avalanche-lib->-r /root/NC/requirements.txt (line 13)) (2.22)
Requirement already satisfied: PySocks!=1.5.7,>=1.5.6 in /usr/local/lib/python3.11/dist-packages (from requests[socks]->gdown->avalanche-lib->-r /root/NC/requirements.txt (line 13)) (1.7.1)
Requirement already satisfied: charset-normalizer<4,>=2 in /usr/local/lib/python3.11/dist-packages (from requests[socks]->gdown->avalanche-lib->-r /root/NC/requirements.txt (line 13)) (3.3.2)
Requirement already satisfied: idna<4,>=2.5 in /usr/local/lib/python3.11/dist-packages (from requests[socks]->gdown->avalanche-lib->-r /root/NC/requirements.txt (line 13)) (3.10)
Requirement already satisfied: urllib3<3,>=1.21.1 in /usr/local/lib/python3.11/dist-packages (from requests[socks]->gdown->avalanche-lib->-r /root/NC/requirements.txt (line 13)) (2.2.3)
Requirement already satisfied: certifi>=2017.4.17 in /usr/local/lib/python3.11/dist-packages (from requests[socks]->gdown->avalanche-lib->-r /root/NC/requirements.txt (line 13)) (2024.8.30)
Requirement already satisfied: mpmath>=0.19 in /usr/local/lib/python3.11/dist-packages (from sympy->torch->-r /root/NC/requirements.txt (line 4)) (1.3.0)
Requirement already satisfied: lightning-utilities>=0.15.3 in /usr/local/lib/python3.11/dist-packages (from torchmetrics->avalanche-lib->-r /root/NC/requirements.txt (line 13)) (0.15.3)
Requirement already satisfied: PySocks!=1.5.7,>=1.5.6 in /usr/local/lib/python3.11/dist-packages (from requests[socks]->gdown->avalanche-lib->-r /root/NC/requirements.txt (line 13)) (1.7.1)
Requirement already satisfied: mpmath>=0.19 in /usr/local/lib/python3.11/dist-packages (from sympy->torch->-r /root/NC/requirements.txt (line 4)) (1.3.0)
Requirement already satisfied: click>=8.2.0 in /usr/local/lib/python3.11/dist-packages (from wandb->avalanche-lib->-r /root/NC/requirements.txt (line 13)) (8.4.1)
Requirement already satisfied: gitpython!=3.1.29,>=1.0.0 in /usr/local/lib/python3.11/dist-packages (from wandb->avalanche-lib->-r /root/NC/requirements.txt (line 13)) (3.1.50)
Requirement already satisfied: platformdirs in /usr/local/lib/python3.11/dist-packages (from wandb->avalanche-lib->-r /root/NC/requirements.txt (line 13)) (4.3.6)
Requirement already satisfied: lightning-utilities>=0.15.3 in /usr/local/lib/python3.11/dist-packages (from torchmetrics->avalanche-lib->-r /root/NC/requirements.txt (line 13)) (0.15.3)
Requirement already satisfied: pydantic<3,>=2.6 in /usr/local/lib/python3.11/dist-packages (from wandb->avalanche-lib->-r /root/NC/requirements.txt (line 13)) (2.13.4)
Requirement already satisfied: pyyaml in /usr/local/lib/python3.11/dist-packages (from wandb->avalanche-lib->-r /root/NC/requirements.txt (line 13)) (6.0.2)
Requirement already satisfied: sentry-sdk>=2.0.0 in /usr/local/lib/python3.11/dist-packages (from wandb->avalanche-lib->-r /root/NC/requirements.txt (line 13)) (2.61.0)
Requirement already satisfied: annotated-types>=0.6.0 in /usr/local/lib/python3.11/dist-packages (from pydantic<3,>=2.6->wandb->avalanche-lib->-r /root/NC/requirements.txt (line 13)) (0.7.0)
Requirement already satisfied: pydantic-core==2.46.4 in /usr/local/lib/python3.11/dist-packages (from pydantic<3,>=2.6->wandb->avalanche-lib->-r /root/NC/requirements.txt (line 13)) (2.46.4)
Requirement already satisfied: typing-inspection>=0.4.2 in /usr/local/lib/python3.11/dist-packages (from pydantic<3,>=2.6->wandb->avalanche-lib->-r /root/NC/requirements.txt (line 13)) (0.4.2)
Requirement already satisfied: click>=8.2.0 in /usr/local/lib/python3.11/dist-packages (from wandb->avalanche-lib->-r /root/NC/requirements.txt (line 13)) (8.4.1)
Requirement already satisfied: gitpython!=3.1.29,>=1.0.0 in /usr/local/lib/python3.11/dist-packages (from wandb->avalanche-lib->-r /root/NC/requirements.txt (line 13)) (3.1.50)
Requirement already satisfied: platformdirs in /usr/local/lib/python3.11/dist-packages (from wandb->avalanche-lib->-r /root/NC/requirements.txt (line 13)) (4.3.6)
Requirement already satisfied: pydantic<3,>=2.6 in /usr/local/lib/python3.11/dist-packages (from wandb->avalanche-lib->-r /root/NC/requirements.txt (line 13)) (2.13.4)
Requirement already satisfied: pyyaml in /usr/local/lib/python3.11/dist-packages (from wandb->avalanche-lib->-r /root/NC/requirements.txt (line 13)) (6.0.2)
Requirement already satisfied: sentry-sdk>=2.0.0 in /usr/local/lib/python3.11/dist-packages (from wandb->avalanche-lib->-r /root/NC/requirements.txt (line 13)) (2.61.0)
Requirement already satisfied: gitdb<5,>=4.0.1 in /usr/local/lib/python3.11/dist-packages (from gitpython!=3.1.29,>=1.0.0->wandb->avalanche-lib->-r /root/NC/requirements.txt (line 13)) (4.0.12)
Requirement already satisfied: smmap<6,>=3.0.1 in /usr/local/lib/python3.11/dist-packages (from gitdb<5,>=4.0.1->gitpython!=3.1.29,>=1.0.0->wandb->avalanche-lib->-r /root/NC/requirements.txt (line 13)) (5.0.3)
Requirement already satisfied: annotated-types>=0.6.0 in /usr/local/lib/python3.11/dist-packages (from pydantic<3,>=2.6->wandb->avalanche-lib->-r /root/NC/requirements.txt (line 13)) (0.7.0)
Requirement already satisfied: pydantic-core==2.46.4 in /usr/local/lib/python3.11/dist-packages (from pydantic<3,>=2.6->wandb->avalanche-lib->-r /root/NC/requirements.txt (line 13)) (2.46.4)
Requirement already satisfied: typing-inspection>=0.4.2 in /usr/local/lib/python3.11/dist-packages (from pydantic<3,>=2.6->wandb->avalanche-lib->-r /root/NC/requirements.txt (line 13)) (0.4.2)
Requirement already satisfied: gitdb<5,>=4.0.1 in /usr/local/lib/python3.11/dist-packages (from gitpython!=3.1.29,>=1.0.0->wandb->avalanche-lib->-r /root/NC/requirements.txt (line 13)) (4.0.12)
Requirement already satisfied: smmap<6,>=3.0.1 in /usr/local/lib/python3.11/dist-packages (from gitdb<5,>=4.0.1->gitpython!=3.1.29,>=1.0.0->wandb->avalanche-lib->-r /root/NC/requirements.txt (line 13)) (5.0.3)
WARNING: Running pip as the 'root' user can result in broken permissions and conflicting behaviour with the system package manager, possibly rendering your system unusable. It is recommended to use a virtual environment instead: https://pip.pypa.io/warnings/venv. Use the --root-user-action option if you know what you are doing and want to suppress this warning.
Setup done. Then:  source env.sh   (or rely on experiments/m1_wk0/_bootstrap.py)
WARNING: Running pip as the 'root' user can result in broken permissions and conflicting behaviour with the system package manager, possibly rendering your system unusable. It is recommended to use a virtual environment instead: https://pip.pypa.io/warnings/venv. Use the --root-user-action option if you know what you are doing and want to suppress this warning.
WARNING: Running pip as the 'root' user can result in broken permissions and conflicting behaviour with the system package manager, possibly rendering your system unusable. It is recommended to use a virtual environment instead: https://pip.pypa.io/warnings/venv. Use the --root-user-action option if you know what you are doing and want to suppress this warning.
Setup done. Then:  source env.sh   (or rely on experiments/m1_wk0/_bootstrap.py)
Setup done. Then:  source env.sh   (or rely on experiments/m1_wk0/_bootstrap.py)
