[seed 9] R6: L1 marginal=0.327 2nd_moment=0.331 coh_eig=0.295 cluster_occ=0.206 spatial4x4=0.356 L2 marginal=0.397 2nd_moment=0.364 coh_eig=0.325 cluster_occ=0.297 spatial4x4=0.427
[seed 9] R6s: L1 marginal=0.313 2nd_moment=0.372 coh_eig=0.302 cluster_occ=0.186 spatial4x4=0.386 L2 marginal=0.406 2nd_moment=0.392 coh_eig=0.410 cluster_occ=0.233 spatial4x4=0.436
[seed 9] R5:depthwise: L1 marginal=0.267 2nd_moment=0.323 coh_eig=0.236 cluster_occ=0.198 spatial4x4=0.323 L2 marginal=0.355 2nd_moment=0.355 coh_eig=0.349 cluster_occ=0.277 spatial4x4=0.333
[seed 9] saved (1/3)
[seed 10] R6: L1 marginal=0.392 2nd_moment=0.438 coh_eig=0.388 cluster_occ=0.251 spatial4x4=0.401 L2 marginal=0.357 2nd_moment=0.419 coh_eig=0.392 cluster_occ=0.275 spatial4x4=0.388
[seed 10] R6s: L1 marginal=0.320 2nd_moment=0.304 coh_eig=0.276 cluster_occ=0.203 spatial4x4=0.347 L2 marginal=0.373 2nd_moment=0.386 coh_eig=0.305 cluster_occ=0.244 spatial4x4=0.378
[seed 10] R5:depthwise: L1 marginal=0.348 2nd_moment=0.402 coh_eig=0.320 cluster_occ=0.208 spatial4x4=0.372 L2 marginal=0.353 2nd_moment=0.321 coh_eig=0.344 cluster_occ=0.237 spatial4x4=0.396
[seed 10] saved (2/3)
[seed 11] R6: L1 marginal=0.423 2nd_moment=0.426 coh_eig=0.395 cluster_occ=0.220 spatial4x4=0.476 L2 marginal=0.401 2nd_moment=0.454 coh_eig=0.376 cluster_occ=0.334 spatial4x4=0.446
[seed 11] R6s: L1 marginal=0.302 2nd_moment=0.294 coh_eig=0.273 cluster_occ=0.267 spatial4x4=0.307 L2 marginal=0.373 2nd_moment=0.382 coh_eig=0.332 cluster_occ=0.192 spatial4x4=0.392
[seed 11] R5:depthwise: L1 marginal=0.206 2nd_moment=0.218 coh_eig=0.225 cluster_occ=0.196 spatial4x4=0.224 L2 marginal=0.200 2nd_moment=0.200 coh_eig=0.200 cluster_occ=0.208 spatial4x4=0.216
[seed 11] saved (3/3)

=== M2 CORRECTED SCREEN (real ablation, eval_inits=1) ===
  --- R6 vs R6s ---
    L1 marginal     R6=0.381 R6s=0.312  D=+0.0689 p1=0.125 n_pos=3/3
    L1 2nd_moment   R6=0.398 R6s=0.324  D=+0.0744 p1=0.250 n_pos=2/3
    L1 coh_eig      R6=0.359 R6s=0.284  D=+0.0753 p1=0.250 n_pos=2/3
    L1 cluster_occ  R6=0.226 R6s=0.219  D=+0.0067 p1=0.500 n_pos=2/3
    L1 spatial4x4   R6=0.411 R6s=0.347  D=+0.0639 p1=0.250 n_pos=2/3
    L2 marginal     R6=0.385 R6s=0.384  D=+0.0006 p1=0.500 n_pos=1/3
    L2 2nd_moment   R6=0.413 R6s=0.387  D=+0.0258 p1=0.250 n_pos=2/3
    L2 coh_eig      R6=0.364 R6s=0.349  D=+0.0153 p1=0.375 n_pos=2/3
    L2 cluster_occ  R6=0.302 R6s=0.223  D=+0.0786 p1=0.125 n_pos=3/3
    L2 spatial4x4   R6=0.420 R6s=0.402  D=+0.0183 p1=0.250 n_pos=2/3
  --- R6 vs R5:depthwise ---
    L1 marginal     R6=0.381 R5:depthwise=0.274  D=+0.1067 p1=0.125 n_pos=3/3
    L1 2nd_moment   R6=0.398 R5:depthwise=0.314  D=+0.0839 p1=0.125 n_pos=3/3
    L1 coh_eig      R6=0.359 R5:depthwise=0.260  D=+0.0989 p1=0.125 n_pos=3/3
    L1 cluster_occ  R6=0.226 R5:depthwise=0.201  D=+0.0247 p1=0.125 n_pos=3/3
    L1 spatial4x4   R6=0.411 R5:depthwise=0.307  D=+0.1042 p1=0.125 n_pos=3/3
    L2 marginal     R6=0.385 R5:depthwise=0.303  D=+0.0819 p1=0.125 n_pos=3/3
    L2 2nd_moment   R6=0.413 R5:depthwise=0.292  D=+0.1206 p1=0.125 n_pos=3/3
    L2 coh_eig      R6=0.364 R5:depthwise=0.298  D=+0.0664 p1=0.250 n_pos=2/3
    L2 cluster_occ  R6=0.302 R5:depthwise=0.241  D=+0.0611 p1=0.125 n_pos=3/3
    L2 spatial4x4   R6=0.420 R5:depthwise=0.315  D=+0.1053 p1=0.250 n_pos=2/3
VERDICT: CORRECTED-NULL (even with real ablation + eval_inits=1 + relational descriptors on a binding construct, R6 ~ R6s -> synchrony adds no decodable context-channel info)
CORRECTED_DONE
