[seed 4] R6: L1 marginal=0.410 2nd_moment=0.401 coh_eig=0.347 cluster_occ=0.263 spatial4x4=0.419 | L2 marginal=0.427 2nd_moment=0.441 coh_eig=0.487 cluster_occ=0.292 spatial4x4=0.522
[seed 4] R5:no_proj: L1 marginal=0.272 2nd_moment=0.249 coh_eig=0.248 cluster_occ=0.237 spatial4x4=0.275 | L2 marginal=0.200 2nd_moment=0.200 coh_eig=0.200 cluster_occ=0.205 spatial4x4=0.200
[seed 4] saved (1/4)
[seed 5] R6: L1 marginal=0.303 2nd_moment=0.323 coh_eig=0.321 cluster_occ=0.227 spatial4x4=0.380 | L2 marginal=0.341 2nd_moment=0.359 coh_eig=0.323 cluster_occ=0.298 spatial4x4=0.358
[seed 5] R5:no_proj: L1 marginal=0.186 2nd_moment=0.204 coh_eig=0.208 cluster_occ=0.172 spatial4x4=0.192 | L2 marginal=0.200 2nd_moment=0.200 coh_eig=0.200 cluster_occ=0.201 spatial4x4=0.200
[seed 5] saved (2/4)
[seed 6] R6: L1 marginal=0.317 2nd_moment=0.334 coh_eig=0.310 cluster_occ=0.262 spatial4x4=0.353 | L2 marginal=0.301 2nd_moment=0.290 coh_eig=0.323 cluster_occ=0.235 spatial4x4=0.313
[seed 6] R5:no_proj: L1 marginal=0.368 2nd_moment=0.345 coh_eig=0.342 cluster_occ=0.253 spatial4x4=0.383 | L2 marginal=0.323 2nd_moment=0.327 coh_eig=0.322 cluster_occ=0.301 spatial4x4=0.339
[seed 6] saved (3/4)
[seed 7] R6: L1 marginal=0.418 2nd_moment=0.466 coh_eig=0.385 cluster_occ=0.252 spatial4x4=0.492 | L2 marginal=0.459 2nd_moment=0.505 coh_eig=0.503 cluster_occ=0.245 spatial4x4=0.508
[seed 7] R5:no_proj: L1 marginal=0.200 2nd_moment=0.200 coh_eig=0.200 cluster_occ=0.221 spatial4x4=0.243 | L2 marginal=0.200 2nd_moment=0.200 coh_eig=0.200 cluster_occ=0.202 spatial4x4=0.200
[seed 7] saved (4/4)

=== M2 SHAPES CONSTRUCT — R6 vs R5:no_proj experience-decodability (multi-object) ===
  -- layer 1 --
    marginal     R6=0.362 R5=0.256  D=+0.1058  n_pos=3/4
    2nd_moment   R6=0.381 R5=0.250  D=+0.1312  n_pos=3/4
    coh_eig      R6=0.341 R5=0.250  D=+0.0912  n_pos=3/4
    cluster_occ  R6=0.251 R5=0.221  D=+0.0302  n_pos=4/4
    spatial4x4   R6=0.411 R5=0.273  D=+0.1377  n_pos=3/4
  -- layer 2 --
    marginal     R6=0.382 R5=0.231  D=+0.1510  n_pos=3/4
    2nd_moment   R6=0.399 R5=0.232  D=+0.1671  n_pos=3/4
    coh_eig      R6=0.409 R5=0.230  D=+0.1785  n_pos=4/4
    cluster_occ  R6=0.267 R5=0.227  D=+0.0402  n_pos=3/4
    spatial4x4   R6=0.425 R5=0.235  D=+0.1906  n_pos=3/4
VERDICT: RESCUE (multi-object binding opens a synchrony task-channel the CIFAR screen lacked)
RESCUED BY: [{'layer': 1, 'descriptor': '2nd_moment', 'mean_delta': 0.13124999999999998}, {'layer': 1, 'descriptor': 'coh_eig', 'mean_delta': 0.09124999999999997}, {'layer': 1, 'descriptor': 'spatial4x4', 'mean_delta': 0.13770833333333327}, {'layer': 2, 'descriptor': '2nd_moment', 'mean_delta': 0.1670833333333333}, {'layer': 2, 'descriptor': 'coh_eig', 'mean_delta': 0.1785416666666667}, {'layer': 2, 'descriptor': 'spatial4x4', 'mean_delta': 0.190625}]
SHAPES_DONE
