[seed 0] R6: L1 ARI=0.3620 L2 ARI=0.1818
[seed 0] R5:no_proj: L1 ARI=0.4296 L2 ARI=0.1837
[seed 0] saved (1/4)
[seed 1] R6: L1 ARI=0.2759 L2 ARI=0.1287
[seed 1] R5:no_proj: L1 ARI=0.3966 L2 ARI=0.1978
[seed 1] saved (2/4)
[seed 2] R6: L1 ARI=0.2606 L2 ARI=0.1416
[seed 2] R5:no_proj: L1 ARI=0.4434 L2 ARI=0.1795
[seed 2] saved (3/4)
[seed 3] R6: L1 ARI=0.3019 L2 ARI=0.1965
[seed 3] R5:no_proj: L1 ARI=0.3869 L2 ARI=0.1706
[seed 3] saved (4/4)

=== M2 BINDING CHECK — object-ARI from phase clusters (R6 vs R5:no_proj) ===
  L1: ARI R6=0.3001 R5=0.4141  D=-0.1140  n_pos=0/4
  L2: ARI R6=0.1622 R5=0.1829  D=-0.0207  n_pos=1/4
VERDICT: NO DIFFERENTIAL BINDING (R6 ~ R5 object-clustering)
BINDING_DONE


===== [merge] NC_M2verification (GPU-2) appended below =====

[seed 4] R6: L1 ARI=0.4056 L2 ARI=0.1233
[seed 4] R5:no_proj: L1 ARI=0.4068 L2 ARI=0.1890
[seed 4] saved (1/4)
[seed 5] R6: L1 ARI=0.3059 L2 ARI=0.1509
[seed 5] R5:no_proj: L1 ARI=0.3742 L2 ARI=0.1892
[seed 5] saved (2/4)
[seed 6] R6: L1 ARI=0.3610 L2 ARI=0.1806
[seed 6] R5:no_proj: L1 ARI=0.4057 L2 ARI=0.2019
[seed 6] saved (3/4)
[seed 7] R6: L1 ARI=0.4083 L2 ARI=0.1544
[seed 7] R5:no_proj: L1 ARI=0.4725 L2 ARI=0.2261
[seed 7] saved (4/4)

=== M2 BINDING CHECK — object-ARI from phase clusters (R6 vs R5:no_proj) ===
  L1: ARI R6=0.3702 R5=0.4148  D=-0.0446  n_pos=0/4
  L2: ARI R6=0.1523 R5=0.2015  D=-0.0492  n_pos=0/4
VERDICT: NO DIFFERENTIAL BINDING (R6 ~ R5 object-clustering)
BINDING_DONE
